<?xml version="1.0" encoding="UTF-8"?>
<!-- Generated by org.testng.reporters.JUnitReportReporter -->
<testsuite hostname="Pahnod" failures="0" tests="1" name="com.mystore.testcases.OrderConfirmationPageTest" time="36.287" errors="0" timestamp="2024-04-16T02:37:15 ICT" skipped="0">
  <testcase classname="com.mystore.testcases.OrderConfirmationPageTest" name="verifyConfirmOrder" time="36.287"/>
</testsuite> <!-- com.mystore.testcases.OrderConfirmationPageTest -->
