<?xml version="1.0" encoding="UTF-8"?>
<!-- Generated by org.testng.reporters.JUnitReportReporter -->
<testsuite hostname="Pahnod" failures="0" tests="2" name="com.mystore.testcases.IndexPageTest" time="15.293" errors="0" timestamp="2024-04-16T02:37:15 ICT" skipped="0">
  <testcase classname="com.mystore.testcases.IndexPageTest" name="verifyTitle" time="8.710"/>
  <testcase classname="com.mystore.testcases.IndexPageTest" name="verifyLogo" time="6.583"/>
</testsuite> <!-- com.mystore.testcases.IndexPageTest -->
