<?xml version="1.0" encoding="UTF-8"?>
<!-- Generated by org.testng.reporters.JUnitReportReporter -->
<testsuite hostname="Pahnod" failures="0" tests="2" name="com.mystore.testcases.HomePageTest" time="30.544" errors="0" timestamp="2024-04-17T06:04:47 ICT" skipped="0">
  <testcase classname="com.mystore.testcases.HomePageTest" name="wishListTest" time="16.742"/>
  <testcase classname="com.mystore.testcases.HomePageTest" name="orderHistoryTest" time="13.802"/>
</testsuite> <!-- com.mystore.testcases.HomePageTest -->
