<?xml version="1.0" encoding="UTF-8"?>
<!-- Generated by org.testng.reporters.JUnitReportReporter -->
<testsuite hostname="Pahnod" failures="0" tests="1" name="com.sele.testcases.AddToCartPageTest" time="27.444" errors="0" timestamp="2024-04-17T06:18:27 ICT" skipped="0">
  <testcase classname="com.sele.testcases.AddToCartPageTest" name="addToCartTest" time="27.444"/>
</testsuite> <!-- com.sele.testcases.AddToCartPageTest -->
