<?xml version="1.0" encoding="UTF-8"?>
<!-- Generated by org.testng.reporters.JUnitReportReporter -->
<testsuite hostname="Pahnod" failures="0" tests="2" name="com.mystore.testcases.IndexPageTest" time="12.431" errors="0" timestamp="2024-04-17T06:04:47 ICT" skipped="0">
  <testcase classname="com.mystore.testcases.IndexPageTest" name="verifyTitle" time="6.172"/>
  <testcase classname="com.mystore.testcases.IndexPageTest" name="verifyLogo" time="6.259"/>
</testsuite> <!-- com.mystore.testcases.IndexPageTest -->
