<?xml version="1.0" encoding="UTF-8"?>
<!-- Generated by org.testng.reporters.JUnitReportReporter -->
<testsuite hostname="Pahnod" failures="0" tests="1" name="com.sele.testcases.SearchResultPageTest" time="9.035" errors="0" timestamp="2024-04-17T06:04:47 ICT" skipped="0">
  <testcase classname="com.sele.testcases.SearchResultPageTest" name="productAvailabilityTest" time="9.035"/>
</testsuite> <!-- com.sele.testcases.SearchResultPageTest -->
