<?xml version="1.0" encoding="UTF-8"?>
<!-- Generated by org.testng.reporters.JUnitReportReporter -->
<testsuite hostname="Pahnod" failures="0" tests="1" name="com.mystore.testcases.AccountCreationPageTest" time="19.989" errors="0" timestamp="2024-04-17T06:04:47 ICT" skipped="0">
  <testcase classname="com.mystore.testcases.AccountCreationPageTest" name="verifyAccountCreationPageTest" time="19.989"/>
</testsuite> <!-- com.mystore.testcases.AccountCreationPageTest -->
