<?xml version="1.0" encoding="UTF-8"?>
<!-- Generated by org.testng.reporters.JUnitReportReporter -->
<testsuite hostname="Pahnod" failures="0" tests="2" name="com.mystore.testcases.HomePageTest" time="27.656" errors="0" timestamp="2024-04-16T02:37:15 ICT" skipped="0">
  <testcase classname="com.mystore.testcases.HomePageTest" name="orderHistoryTest" time="13.656"/>
  <testcase classname="com.mystore.testcases.HomePageTest" name="wishListTest" time="14.000"/>
</testsuite> <!-- com.mystore.testcases.HomePageTest -->
