<?xml version="1.0" encoding="UTF-8"?>
<!-- Generated by org.testng.reporters.JUnitReportReporter -->
<testsuite hostname="Pahnod" failures="0" tests="1" name="com.mystore.testcases.SearchResultPageTest" time="10.823" errors="0" timestamp="2024-04-16T02:37:15 ICT" skipped="0">
  <testcase classname="com.mystore.testcases.SearchResultPageTest" name="productAvailabilityTest" time="10.823"/>
</testsuite> <!-- com.mystore.testcases.SearchResultPageTest -->
